#
# There is insufficient memory for the Java Runtime Environment to continue.
# Native memory allocation (malloc) failed to allocate 145776 bytes for Chunk::new
# Possible reasons:
#   The system is out of physical RAM or swap space
#   In 32 bit mode, the process size limit was hit
# Possible solutions:
#   Reduce memory load on the system
#   Increase physical memory or swap space
#   Check if swap backing store is full
#   Use 64 bit Java on a 64 bit OS
#   Decrease Java heap size (-Xmx/-Xms)
#   Decrease number of Java threads
#   Decrease Java thread stack sizes (-Xss)
#   Set larger code cache with -XX:ReservedCodeCacheSize=
# This output file may be truncated or incomplete.
#
#  Out of Memory Error (allocation.cpp:390), pid=8984, tid=0x0000000000001ae8
#
# JRE version: OpenJDK Runtime Environment (8.0_152-b01) (build 1.8.0_152-release-915-b01)
# Java VM: OpenJDK 64-Bit Server VM (25.152-b01 mixed mode windows-amd64 compressed oops)
# Failed to write core dump. Minidumps are not enabled by default on client versions of Windows
#

---------------  T H R E A D  ---------------

Current thread (0x0000000012fcd800):  JavaThread "C2 CompilerThread0" daemon [_thread_in_native, id=6888, stack(0x0000000014930000,0x0000000014a30000)]

Stack: [0x0000000014930000,0x0000000014a30000]
[error occurred during error reporting (printing stack bounds), id 0xc0000005]

Native frames: (J=compiled Java code, j=interpreted, Vv=VM code, C=native code)


Current CompileTask:
C2:   3908 1347       4       org.objectweb.asm.MethodWriter::a (1609 bytes)


---------------  P R O C E S S  ---------------

Java Threads: ( => current thread )
  0x0000000014394800 JavaThread "Service Thread" daemon [_thread_blocked, id=7548, stack(0x0000000014c30000,0x0000000014d30000)]
  0x000000001438f000 JavaThread "C1 CompilerThread2" daemon [_thread_blocked, id=11956, stack(0x0000000014b30000,0x0000000014c30000)]
  0x000000001438b800 JavaThread "C2 CompilerThread1" daemon [_thread_blocked, id=10776, stack(0x0000000014a30000,0x0000000014b30000)]
=>0x0000000012fcd800 JavaThread "C2 CompilerThread0" daemon [_thread_in_native, id=6888, stack(0x0000000014930000,0x0000000014a30000)]
  0x0000000012f80800 JavaThread "Attach Listener" daemon [_thread_blocked, id=9688, stack(0x0000000014830000,0x0000000014930000)]
  0x0000000014338800 JavaThread "Signal Dispatcher" daemon [_thread_blocked, id=5176, stack(0x0000000014730000,0x0000000014830000)]
  0x0000000012f58800 JavaThread "Finalizer" daemon [_thread_blocked, id=3008, stack(0x00000000141c0000,0x00000000142c0000)]
  0x0000000012f37000 JavaThread "Reference Handler" daemon [_thread_blocked, id=6024, stack(0x00000000140c0000,0x00000000141c0000)]
  0x0000000002ac5000 JavaThread "main" [_thread_blocked, id=1856, stack(0x0000000002980000,0x0000000002a80000)]

Other Threads:
  0x0000000012f35800 VMThread [stack: 0x0000000013fc0000,0x00000000140c0000] [id=12160]
  0x0000000014397800 WatcherThread [stack: 0x0000000014d30000,0x0000000014e30000] [id=3032]

VM state:at safepoint (normal execution)

VM Mutex/Monitor currently owned by a thread:  ([mutex/lock_event])
[0x0000000002ac1f50] Threads_lock - owner thread: 0x0000000012f35800
[0x0000000002ac1750] Heap_lock - owner thread: 0x0000000002ac5000

Heap:
 PSYoungGen      total 14336K, used 7392K [0x00000000feb00000, 0x0000000100000000, 0x0000000100000000)
  eden space 7168K, 100% used [0x00000000feb00000,0x00000000ff200000,0x00000000ff200000)
  from space 7168K, 3% used [0x00000000ff200000,0x00000000ff238000,0x00000000ff900000)
  to   space 7168K, 3% used [0x00000000ff900000,0x00000000ff938000,0x0000000100000000)
 ParOldGen       total 44032K, used 8779K [0x00000000fc000000, 0x00000000feb00000, 0x00000000feb00000)
  object space 44032K, 19% used [0x00000000fc000000,0x00000000fc892e48,0x00000000feb00000)
 Metaspace       used 8066K, capacity 8268K, committed 8448K, reserved 1056768K
  class space    used 908K, capacity 988K, committed 1024K, reserved 1048576K

Card table byte_map: [0x0000000002a80000,0x0000000002ab0000] byte_map_base: 0x00000000022a0000

Marking Bits: (ParMarkBitMap*) 0x0000000053dd3950
 Begin Bits: [0x00000000123a0000, 0x00000000124a0000)
 End Bits:   [0x00000000124a0000, 0x00000000125a0000)

Polling page: 0x0000000000a60000

CodeCache: size=245760Kb used=5407Kb max_used=5418Kb free=240352Kb
 bounds [0x0000000002bc0000, 0x0000000003120000, 0x0000000011bc0000]
 total_blobs=1687 nmethods=1352 adapters=248
 compilation: enabled

Compilation events (10 events):
Event: 3.781 Thread 0x000000001438b800 nmethod 1349 0x00000000030fef50 code [0x00000000030ff0e0, 0x00000000030ffd48]
Event: 3.873 Thread 0x000000001438f000 1350       1       com.google.common.collect.RegularImmutableSet::size (6 bytes)
Event: 3.873 Thread 0x000000001438f000 nmethod 1350 0x00000000030fd010 code [0x00000000030fd160, 0x00000000030fd270]
Event: 3.876 Thread 0x000000001438b800 1351       4       org.objectweb.asm.tree.MethodNode::visitTypeInsn (17 bytes)
Event: 3.877 Thread 0x000000001438b800 nmethod 1351 0x00000000030fcc50 code [0x00000000030fcda0, 0x00000000030fcf18]
Event: 3.877 Thread 0x000000001438b800 1352       4       org.objectweb.asm.tree.TypeInsnNode::accept (18 bytes)
Event: 3.878 Thread 0x000000001438b800 nmethod 1352 0x00000000030feb10 code [0x00000000030fec60, 0x00000000030fed98]
Event: 3.879 Thread 0x000000001438f000 1353       1       org.objectweb.asm.ClassWriter::visitEnd (1 bytes)
Event: 3.879 Thread 0x000000001438f000 nmethod 1353 0x00000000030fe850 code [0x00000000030fe9a0, 0x00000000030feab0]
Event: 3.883 Thread 0x000000001438b800 1354       4       java.util.zip.ZipCoder::getBytes (192 bytes)

GC Heap History (10 events):
Event: 2.015 GC heap after
Heap after GC invocations=3 (full 0):
 PSYoungGen      total 18944K, used 2544K [0x00000000feb00000, 0x0000000100000000, 0x0000000100000000)
  eden space 16384K, 0% used [0x00000000feb00000,0x00000000feb00000,0x00000000ffb00000)
  from space 2560K, 99% used [0x00000000ffb00000,0x00000000ffd7c1f8,0x00000000ffd80000)
  to   space 2560K, 0% used [0x00000000ffd80000,0x00000000ffd80000,0x0000000100000000)
 ParOldGen       total 44032K, used 6303K [0x00000000fc000000, 0x00000000feb00000, 0x00000000feb00000)
  object space 44032K, 14% used [0x00000000fc000000,0x00000000fc627cb0,0x00000000feb00000)
 Metaspace       used 7893K, capacity 8140K, committed 8192K, reserved 1056768K
  class space    used 903K, capacity 988K, committed 1024K, reserved 1048576K
}
Event: 2.484 GC heap before
{Heap before GC invocations=4 (full 0):
 PSYoungGen      total 18944K, used 18928K [0x00000000feb00000, 0x0000000100000000, 0x0000000100000000)
  eden space 16384K, 100% used [0x00000000feb00000,0x00000000ffb00000,0x00000000ffb00000)
  from space 2560K, 99% used [0x00000000ffb00000,0x00000000ffd7c1f8,0x00000000ffd80000)
  to   space 2560K, 0% used [0x00000000ffd80000,0x00000000ffd80000,0x0000000100000000)
 ParOldGen       total 44032K, used 6303K [0x00000000fc000000, 0x00000000feb00000, 0x00000000feb00000)
  object space 44032K, 14% used [0x00000000fc000000,0x00000000fc627cb0,0x00000000feb00000)
 Metaspace       used 8024K, capacity 8204K, committed 8448K, reserved 1056768K
  class space    used 907K, capacity 988K, committed 1024K, reserved 1048576K
Event: 2.526 GC heap after
Heap after GC invocations=4 (full 0):
 PSYoungGen      total 18944K, used 2496K [0x00000000feb00000, 0x0000000100000000, 0x0000000100000000)
  eden space 16384K, 0% used [0x00000000feb00000,0x00000000feb00000,0x00000000ffb00000)
  from space 2560K, 97% used [0x00000000ffd80000,0x00000000ffff0208,0x0000000100000000)
  to   space 2560K, 0% used [0x00000000ffb00000,0x00000000ffb00000,0x00000000ffd80000)
 ParOldGen       total 44032K, used 6311K [0x00000000fc000000, 0x00000000feb00000, 0x00000000feb00000)
  object space 44032K, 14% used [0x00000000fc000000,0x00000000fc629cb0,0x00000000feb00000)
 Metaspace       used 8024K, capacity 8204K, committed 8448K, reserved 1056768K
  class space    used 907K, capacity 988K, committed 1024K, reserved 1048576K
}
Event: 2.831 GC heap before
{Heap before GC invocations=5 (full 0):
 PSYoungGen      total 18944K, used 18880K [0x00000000feb00000, 0x0000000100000000, 0x0000000100000000)
  eden space 16384K, 100% used [0x00000000feb00000,0x00000000ffb00000,0x00000000ffb00000)
  from space 2560K, 97% used [0x00000000ffd80000,0x00000000ffff0208,0x0000000100000000)
  to   space 2560K, 0% used [0x00000000ffb00000,0x00000000ffb00000,0x00000000ffd80000)
 ParOldGen       total 44032K, used 6311K [0x00000000fc000000, 0x00000000feb00000, 0x00000000feb00000)
  object space 44032K, 14% used [0x00000000fc000000,0x00000000fc629cb0,0x00000000feb00000)
 Metaspace       used 8056K, capacity 8268K, committed 8448K, reserved 1056768K
  class space    used 908K, capacity 988K, committed 1024K, reserved 1048576K
Event: 2.872 GC heap after
Heap after GC invocations=5 (full 0):
 PSYoungGen      total 18944K, used 2528K [0x00000000feb00000, 0x0000000100000000, 0x0000000100000000)
  eden space 16384K, 0% used [0x00000000feb00000,0x00000000feb00000,0x00000000ffb00000)
  from space 2560K, 98% used [0x00000000ffb00000,0x00000000ffd78208,0x00000000ffd80000)
  to   space 2560K, 0% used [0x00000000ffd80000,0x00000000ffd80000,0x0000000100000000)
 ParOldGen       total 44032K, used 6367K [0x00000000fc000000, 0x00000000feb00000, 0x00000000feb00000)
  object space 44032K, 14% used [0x00000000fc000000,0x00000000fc637cb0,0x00000000feb00000)
 Metaspace       used 8056K, capacity 8268K, committed 8448K, reserved 1056768K
  class space    used 908K, capacity 988K, committed 1024K, reserved 1048576K
}
Event: 3.556 GC heap before
{Heap before GC invocations=6 (full 0):
 PSYoungGen      total 18944K, used 18912K [0x00000000feb00000, 0x0000000100000000, 0x0000000100000000)
  eden space 16384K, 100% used [0x00000000feb00000,0x00000000ffb00000,0x00000000ffb00000)
  from space 2560K, 98% used [0x00000000ffb00000,0x00000000ffd78208,0x00000000ffd80000)
  to   space 2560K, 0% used [0x00000000ffd80000,0x00000000ffd80000,0x0000000100000000)
 ParOldGen       total 44032K, used 6367K [0x00000000fc000000, 0x00000000feb00000, 0x00000000feb00000)
  object space 44032K, 14% used [0x00000000fc000000,0x00000000fc637cb0,0x00000000feb00000)
 Metaspace       used 8064K, capacity 8268K, committed 8448K, reserved 1056768K
  class space    used 908K, capacity 988K, committed 1024K, reserved 1048576K
Event: 3.648 GC heap after
Heap after GC invocations=6 (full 0):
 PSYoungGen      total 9728K, used 2544K [0x00000000feb00000, 0x0000000100000000, 0x0000000100000000)
  eden space 7168K, 0% used [0x00000000feb00000,0x00000000feb00000,0x00000000ff200000)
  from space 2560K, 99% used [0x00000000ffd80000,0x00000000ffffc1f8,0x0000000100000000)
  to   space 7168K, 0% used [0x00000000ff200000,0x00000000ff200000,0x00000000ff900000)
 ParOldGen       total 44032K, used 6431K [0x00000000fc000000, 0x00000000feb00000, 0x00000000feb00000)
  object space 44032K, 14% used [0x00000000fc000000,0x00000000fc647cd0,0x00000000feb00000)
 Metaspace       used 8064K, capacity 8268K, committed 8448K, reserved 1056768K
  class space    used 908K, capacity 988K, committed 1024K, reserved 1048576K
}
Event: 3.783 GC heap before
{Heap before GC invocations=7 (full 0):
 PSYoungGen      total 9728K, used 9712K [0x00000000feb00000, 0x0000000100000000, 0x0000000100000000)
  eden space 7168K, 100% used [0x00000000feb00000,0x00000000ff200000,0x00000000ff200000)
  from space 2560K, 99% used [0x00000000ffd80000,0x00000000ffffc1f8,0x0000000100000000)
  to   space 7168K, 0% used [0x00000000ff200000,0x00000000ff200000,0x00000000ff900000)
 ParOldGen       total 44032K, used 6431K [0x00000000fc000000, 0x00000000feb00000, 0x00000000feb00000)
  object space 44032K, 14% used [0x00000000fc000000,0x00000000fc647cd0,0x00000000feb00000)
 Metaspace       used 8066K, capacity 8268K, committed 8448K, reserved 1056768K
  class space    used 908K, capacity 988K, committed 1024K, reserved 1048576K
Event: 3.872 GC heap after
Heap after GC invocations=7 (full 0):
 PSYoungGen      total 14336K, used 224K [0x00000000feb00000, 0x0000000100000000, 0x0000000100000000)
  eden space 7168K, 0% used [0x00000000feb00000,0x00000000feb00000,0x00000000ff200000)
  from space 7168K, 3% used [0x00000000ff200000,0x00000000ff238000,0x00000000ff900000)
  to   space 7168K, 0% used [0x00000000ff900000,0x00000000ff900000,0x0000000100000000)
 ParOldGen       total 44032K, used 8731K [0x00000000fc000000, 0x00000000feb00000, 0x00000000feb00000)
  object space 44032K, 19% used [0x00000000fc000000,0x00000000fc886e48,0x00000000feb00000)
 Metaspace       used 8066K, capacity 8268K, committed 8448K, reserved 1056768K
  class space    used 908K, capacity 988K, committed 1024K, reserved 1048576K
}
Event: 3.886 GC heap before
{Heap before GC invocations=8 (full 0):
 PSYoungGen      total 14336K, used 7392K [0x00000000feb00000, 0x0000000100000000, 0x0000000100000000)
  eden space 7168K, 100% used [0x00000000feb00000,0x00000000ff200000,0x00000000ff200000)
  from space 7168K, 3% used [0x00000000ff200000,0x00000000ff238000,0x00000000ff900000)
  to   space 7168K, 0% used [0x00000000ff900000,0x00000000ff900000,0x0000000100000000)
 ParOldGen       total 44032K, used 8731K [0x00000000fc000000, 0x00000000feb00000, 0x00000000feb00000)
  object space 44032K, 19% used [0x00000000fc000000,0x00000000fc886e48,0x00000000feb00000)
 Metaspace       used 8066K, capacity 8268K, committed 8448K, reserved 1056768K
  class space    used 908K, capacity 988K, committed 1024K, reserved 1048576K

Deoptimization events (10 events):
Event: 1.013 Thread 0x0000000002ac5000 Uncommon trap: reason=unstable_if action=reinterpret pc=0x0000000002eb0af8 method=org.objectweb.asm.ByteVector.putUTF8(Ljava/lang/String;)Lorg/objectweb/asm/ByteVector; @ 98
Event: 1.021 Thread 0x0000000002ac5000 Uncommon trap: reason=unstable_if action=reinterpret pc=0x0000000002f02258 method=org.objectweb.asm.Item.a(Lorg/objectweb/asm/Item;)Z @ 345
Event: 1.619 Thread 0x0000000002ac5000 Uncommon trap: reason=unstable_if action=reinterpret pc=0x0000000002f1dbb8 method=org.objectweb.asm.Type.getArgumentsAndReturnSizes(Ljava/lang/String;)I @ 118
Event: 2.324 Thread 0x0000000002ac5000 Uncommon trap: reason=null_check action=make_not_entrant pc=0x000000000300ab74 method=com.google.devtools.build.android.desugar.InterfaceDesugaring$InterfaceInvocationRewriter.visitMethodInsn(ILjava/lang/String;Ljava/lang/String;Ljava/lang/String;Z)V @ 10
Event: 2.420 Thread 0x0000000002ac5000 Uncommon trap: reason=unstable_if action=reinterpret pc=0x000000000303b598 method=com.google.devtools.build.android.desugar.ObjectsRequireNonNullMethodRewriter$ObjectsMethodInlinerMethodVisitor.visitMethodInsn(ILjava/lang/String;Ljava/lang/String;Ljava/la
Event: 2.420 Thread 0x0000000002ac5000 Uncommon trap: reason=unstable_if action=reinterpret pc=0x0000000002f1c948 method=org.objectweb.asm.ByteVector.putUTF8(Ljava/lang/String;)Lorg/objectweb/asm/ByteVector; @ 98
Event: 2.527 Thread 0x0000000002ac5000 Uncommon trap: reason=unstable_if action=reinterpret pc=0x000000000301b038 method=org.objectweb.asm.ClassReader.b(Lorg/objectweb/asm/ClassVisitor;Lorg/objectweb/asm/Context;I)I @ 303
Event: 2.678 Thread 0x0000000002ac5000 Uncommon trap: reason=unstable_if action=reinterpret pc=0x0000000003078c54 method=org.objectweb.asm.MethodWriter.visitFieldInsn(ILjava/lang/String;Ljava/lang/String;Ljava/lang/String;)V @ 141
Event: 2.712 Thread 0x0000000002ac5000 Uncommon trap: reason=unstable_if action=reinterpret pc=0x000000000300892c method=com.google.common.collect.AbstractMultimap.containsEntry(Ljava/lang/Object;Ljava/lang/Object;)Z @ 15
Event: 2.991 Thread 0x0000000002ac5000 Uncommon trap: reason=unstable_if action=reinterpret pc=0x000000000309512c method=org.objectweb.asm.ClassReader.accept(Lorg/objectweb/asm/ClassVisitor;[Lorg/objectweb/asm/Attribute;I)V @ 689

Classes redefined (0 events):
No events

Internal exceptions (10 events):
Event: 3.458 Thread 0x0000000002ac5000 Exception <a 'sun/nio/fs/WindowsException'> (0x00000000ff15b8c0) thrown at [D:\src\AOSP-openjdk-cygwin\jdk8u\hotspot\src\share\vm\prims\jni.cpp, line 709]
Event: 3.459 Thread 0x0000000002ac5000 Exception <a 'sun/nio/fs/WindowsException'> (0x00000000ff15bdd0) thrown at [D:\src\AOSP-openjdk-cygwin\jdk8u\hotspot\src\share\vm\prims\jni.cpp, line 709]
Event: 3.524 Thread 0x0000000002ac5000 Exception <a 'sun/nio/fs/WindowsException'> (0x00000000ff1c6878) thrown at [D:\src\AOSP-openjdk-cygwin\jdk8u\hotspot\src\share\vm\prims\jni.cpp, line 709]
Event: 3.524 Thread 0x0000000002ac5000 Exception <a 'sun/nio/fs/WindowsException'> (0x00000000ff1c6d88) thrown at [D:\src\AOSP-openjdk-cygwin\jdk8u\hotspot\src\share\vm\prims\jni.cpp, line 709]
Event: 3.695 Thread 0x0000000002ac5000 Exception <a 'sun/nio/fs/WindowsException'> (0x00000000fec04c28) thrown at [D:\src\AOSP-openjdk-cygwin\jdk8u\hotspot\src\share\vm\prims\jni.cpp, line 709]
Event: 3.695 Thread 0x0000000002ac5000 Exception <a 'sun/nio/fs/WindowsException'> (0x00000000fec05138) thrown at [D:\src\AOSP-openjdk-cygwin\jdk8u\hotspot\src\share\vm\prims\jni.cpp, line 709]
Event: 3.697 Thread 0x0000000002ac5000 Exception <a 'sun/nio/fs/WindowsException'> (0x00000000fec8b568) thrown at [D:\src\AOSP-openjdk-cygwin\jdk8u\hotspot\src\share\vm\prims\jni.cpp, line 709]
Event: 3.697 Thread 0x0000000002ac5000 Exception <a 'sun/nio/fs/WindowsException'> (0x00000000fec8ba78) thrown at [D:\src\AOSP-openjdk-cygwin\jdk8u\hotspot\src\share\vm\prims\jni.cpp, line 709]
Event: 3.699 Thread 0x0000000002ac5000 Exception <a 'sun/nio/fs/WindowsException'> (0x00000000fece7160) thrown at [D:\src\AOSP-openjdk-cygwin\jdk8u\hotspot\src\share\vm\prims\jni.cpp, line 709]
Event: 3.699 Thread 0x0000000002ac5000 Exception <a 'sun/nio/fs/WindowsException'> (0x00000000fece7670) thrown at [D:\src\AOSP-openjdk-cygwin\jdk8u\hotspot\src\share\vm\prims\jni.cpp, line 709]

Events (10 events):
Event: 2.831 Executing VM operation: ParallelGCFailedAllocation
Event: 2.872 Executing VM operation: ParallelGCFailedAllocation done
Event: 2.991 Thread 0x0000000002ac5000 Uncommon trap: trap_request=0xffffff65 fr.pc=0x000000000309512c
Event: 2.991 Thread 0x0000000002ac5000 DEOPT PACKING pc=0x000000000309512c sp=0x0000000002a7ee10
Event: 2.991 Thread 0x0000000002ac5000 DEOPT UNPACKING pc=0x0000000002c0556a sp=0x0000000002a7ee28 mode 2
Event: 3.556 Executing VM operation: ParallelGCFailedAllocation
Event: 3.648 Executing VM operation: ParallelGCFailedAllocation done
Event: 3.783 Executing VM operation: ParallelGCFailedAllocation
Event: 3.872 Executing VM operation: ParallelGCFailedAllocation done
Event: 3.886 Executing VM operation: ParallelGCFailedAllocation


Dynamic libraries:
0x00007ff7f9b10000 - 0x00007ff7f9b41000 	D:\Program Files (x86)\AndroidStudio\jre\bin\java.exe
0x00007ffb7a640000 - 0x00007ffb7a81b000 	C:\Windows\SYSTEM32\ntdll.dll
0x00007ffb77ff0000 - 0x00007ffb7809e000 	C:\Windows\System32\KERNEL32.DLL
0x00007ffb77880000 - 0x00007ffb77ac9000 	C:\Windows\System32\KERNELBASE.dll
0x00007ffb782a0000 - 0x00007ffb78341000 	C:\Windows\System32\ADVAPI32.dll
0x00007ffb78e00000 - 0x00007ffb78e9d000 	C:\Windows\System32\msvcrt.dll
0x00007ffb78f60000 - 0x00007ffb78fb9000 	C:\Windows\System32\sechost.dll
0x00007ffb78570000 - 0x00007ffb78695000 	C:\Windows\System32\RPCRT4.dll
0x00007ffb78420000 - 0x00007ffb7856a000 	C:\Windows\System32\USER32.dll
0x00007ffb77ad0000 - 0x00007ffb77aee000 	C:\Windows\System32\win32u.dll
0x00007ffb78210000 - 0x00007ffb78237000 	C:\Windows\System32\GDI32.dll
0x00007ffb776f0000 - 0x00007ffb77877000 	C:\Windows\System32\gdi32full.dll
0x00007ffb77410000 - 0x00007ffb774aa000 	C:\Windows\System32\msvcp_win.dll
0x00007ffb76c10000 - 0x00007ffb76d06000 	C:\Windows\System32\ucrtbase.dll
0x00007ffb68b20000 - 0x00007ffb68d87000 	C:\Windows\WinSxS\amd64_microsoft.windows.common-controls_6595b64144ccf1df_6.0.15063.483_none_26002d27e7c744a2\COMCTL32.dll
0x00007ffb77cf0000 - 0x00007ffb77fe9000 	C:\Windows\System32\combase.dll
0x00007ffb77680000 - 0x00007ffb776ea000 	C:\Windows\System32\bcryptPrimitives.dll
0x00007ffb78120000 - 0x00007ffb7814d000 	C:\Windows\System32\IMM32.DLL
0x0000000054040000 - 0x0000000054112000 	D:\Program Files (x86)\AndroidStudio\jre\jre\bin\msvcr100.dll
0x0000000053610000 - 0x0000000053e4e000 	D:\Program Files (x86)\AndroidStudio\jre\jre\bin\server\jvm.dll
0x00007ffb783f0000 - 0x00007ffb783f8000 	C:\Windows\System32\PSAPI.DLL
0x00007ffb75150000 - 0x00007ffb75159000 	C:\Windows\SYSTEM32\WSOCK32.dll
0x00007ffb790e0000 - 0x00007ffb7914c000 	C:\Windows\System32\WS2_32.dll
0x00007ffb750d0000 - 0x00007ffb750f3000 	C:\Windows\SYSTEM32\WINMM.dll
0x00007ffb72990000 - 0x00007ffb7299a000 	C:\Windows\SYSTEM32\VERSION.dll
0x00007ffb75070000 - 0x00007ffb7509b000 	C:\Windows\SYSTEM32\WINMMBASE.dll
0x00007ffb76bc0000 - 0x00007ffb76c09000 	C:\Windows\System32\cfgmgr32.dll
0x00007ffb73c80000 - 0x00007ffb73c8f000 	D:\Program Files (x86)\AndroidStudio\jre\jre\bin\verify.dll
0x00007ffb71150000 - 0x00007ffb71179000 	D:\Program Files (x86)\AndroidStudio\jre\jre\bin\java.dll
0x00007ffb73bb0000 - 0x00007ffb73bc6000 	D:\Program Files (x86)\AndroidStudio\jre\jre\bin\zip.dll
0x00007ffb79150000 - 0x00007ffb7a587000 	C:\Windows\System32\SHELL32.dll
0x00007ffb7a590000 - 0x00007ffb7a63a000 	C:\Windows\System32\shcore.dll
0x00007ffb76d10000 - 0x00007ffb77401000 	C:\Windows\System32\windows.storage.dll
0x00007ffb78ea0000 - 0x00007ffb78ef1000 	C:\Windows\System32\shlwapi.dll
0x00007ffb76b00000 - 0x00007ffb76b11000 	C:\Windows\System32\kernel.appcore.dll
0x00007ffb76ab0000 - 0x00007ffb76afc000 	C:\Windows\System32\powrprof.dll
0x00007ffb76b20000 - 0x00007ffb76b35000 	C:\Windows\System32\profapi.dll
0x00007ffb76510000 - 0x00007ffb76527000 	C:\Windows\SYSTEM32\CRYPTSP.dll
0x00007ffb75f80000 - 0x00007ffb75fb4000 	C:\Windows\system32\rsaenh.dll
0x00007ffb76980000 - 0x00007ffb769a5000 	C:\Windows\SYSTEM32\bcrypt.dll
0x00007ffb769e0000 - 0x00007ffb76a09000 	C:\Windows\SYSTEM32\USERENV.dll
0x00007ffb76500000 - 0x00007ffb7650b000 	C:\Windows\SYSTEM32\CRYPTBASE.dll
0x00007ffb71130000 - 0x00007ffb7114a000 	D:\Program Files (x86)\AndroidStudio\jre\jre\bin\net.dll
0x00007ffb76360000 - 0x00007ffb763bc000 	C:\Windows\system32\mswsock.dll
0x00007ffb76100000 - 0x00007ffb76137000 	C:\Windows\SYSTEM32\IPHLPAPI.DLL
0x00007ffb790d0000 - 0x00007ffb790d8000 	C:\Windows\System32\NSI.dll
0x00007ffb71760000 - 0x00007ffb71776000 	C:\Windows\SYSTEM32\dhcpcsvc6.DLL
0x00007ffb71ab0000 - 0x00007ffb71aca000 	C:\Windows\SYSTEM32\dhcpcsvc.DLL
0x00007ffb71110000 - 0x00007ffb71121000 	D:\Program Files (x86)\AndroidStudio\jre\jre\bin\nio.dll

VM Arguments:
jvm_args: -Djava.awt.headless=true -Xmx64M -Dfile.encoding=GBK -Duser.country=CN -Duser.language=zh -Duser.variant 
java_command: com.google.devtools.build.android.desugar.Desugar --input D:\AndroidProjects\NLinksParkDemo\app\build\intermediates\transforms\stackFramesFixer\release\29.jar --output D:\AndroidProjects\NLinksParkDemo\app\build\intermediates\transforms\desugar\release\31.jar --input D:\AndroidProjects\NLinksParkDemo\app\build\intermediates\transforms\stackFramesFixer\release\30.jar --output D:\AndroidProjects\NLinksParkDemo\app\build\intermediates\transforms\desugar\release\32.jar --input D:\AndroidProjects\NLinksParkDemo\app\build\intermediates\transforms\stackFramesFixer\release\5.jar --output D:\AndroidProjects\NLinksParkDemo\app\build\intermediates\transforms\desugar\release\7.jar --input D:\AndroidProjects\NLinksParkDemo\app\build\intermediates\transforms\stackFramesFixer\release\35.jar --output D:\AndroidProjects\NLinksParkDemo\app\build\intermediates\transforms\desugar\release\37.jar --input D:\AndroidProjects\NLinksParkDemo\app\build\intermediates\transforms\stackFramesFixer\release\16.jar --output D:\AndroidProjects\NLinksParkDemo\app\build\intermediates\transforms\desugar\release\18.jar --input D:\AndroidProjects\NLinksParkDemo\app\build\intermediates\transforms\stackFramesFixer\release\17.jar --output D:\AndroidProjects\NLinksParkDemo\app\build\intermediates\transforms\desugar\release\19.jar --input D:\AndroidProjects\NLinksParkDemo\app\build\intermediates\transforms\stackFramesFixer\release\37.jar --output D:\AndroidProjects\NLinksParkDemo\app\build\intermediates\transforms\desugar\release\39.jar --input D:\AndroidProjects\NLinksParkDemo\app\build\intermediates\transforms\stackFramesFixer\release\33.jar --output D:\AndroidProjects\NLinksParkDemo\app\build\intermediates\transforms\desugar\release\35.jar --input D:\AndroidProjects\NLinksParkDemo\app\build\intermediates\transforms\stackFramesFixer\release\38.jar --output D:\AndroidProjects\NLinksParkDemo\app\build\intermediates\transforms\desugar\release\40.jar --input D:\AndroidProjects\NLinksParkDemo\app\
java_class_path (initial): C:\Users\Administrator\AppData\Local\Temp\desugar_deploy.jar93235645623575643
Launcher Type: SUN_STANDARD

Environment Variables:
JAVA_HOME=D:\JavaJDK\jdk1.8.0_131
PATH=D:\JavaJDK\jdk1.8.0_131\bin;D:\Program Files (x86)\Python36-32\Scripts\;D:\Program Files (x86)\Python36-32\;C:\ProgramData\Oracle\Java\javapath;C:\Windows\system32;C:\Windows;C:\Windows\System32\Wbem;C:\Windows\System32\WindowsPowerShell\v1.0\;D:\Program Files (x86)\Nodejs\;D:\Program Files (x86)\Git\cmd;D:\JavaJDK\jdk1.8.0_131\jre\bin;D:\AndroidSDK\tools;D:\AndroidSDK\platform-tools;D:\AndroidSDK\tools\bin;C:\Program Files\MySQL\MySQL Utilities 1.6\;C:\Users\Administrator\AppData\Local\Microsoft\WindowsApps;C:\Users\Administrator\AppData\Roaming\npm;C:\Program Files\MySQL\MySQL Server 5.7\bin;
USERNAME=Administrator
OS=Windows_NT
PROCESSOR_IDENTIFIER=Intel64 Family 6 Model 60 Stepping 3, GenuineIntel



---------------  S Y S T E M  ---------------

OS: Windows 10.0 , 64 bit Build 15063 (10.0.15063.296)

CPU:total 4 (initial active 4) (4 cores per cpu, 1 threads per core) family 6 model 60 stepping 3, cmov, cx8, fxsr, mmx, sse, sse2, sse3, ssse3, sse4.1, sse4.2, popcnt, avx, avx2, aes, clmul, erms, lzcnt, tsc, tscinvbit, bmi1, bmi2

Memory: 4k page, physical 8324252k(1440736k free), swap 11464584k(4300k free)

vm_info: OpenJDK 64-Bit Server VM (25.152-b01) for windows-amd64 JRE (1.8.0_152-release-915-b01), built by "builder" with MS VC++ 10.0 (VS2010)

time: Wed Jan 24 19:02:10 2018
elapsed time: 3 seconds (0d 0h 0m 3s)

