#
# There is insufficient memory for the Java Runtime Environment to continue.
# Native memory allocation (malloc) failed to allocate 32784 bytes for Chunk::new
# Possible reasons:
#   The system is out of physical RAM or swap space
#   In 32 bit mode, the process size limit was hit
# Possible solutions:
#   Reduce memory load on the system
#   Increase physical memory or swap space
#   Check if swap backing store is full
#   Use 64 bit Java on a 64 bit OS
#   Decrease Java heap size (-Xmx/-Xms)
#   Decrease number of Java threads
#   Decrease Java thread stack sizes (-Xss)
#   Set larger code cache with -XX:ReservedCodeCacheSize=
# This output file may be truncated or incomplete.
#
#  Out of Memory Error (allocation.cpp:390), pid=11420, tid=0x00000000000014ac
#
# JRE version: OpenJDK Runtime Environment (8.0_152-b01) (build 1.8.0_152-release-915-b01)
# Java VM: OpenJDK 64-Bit Server VM (25.152-b01 mixed mode windows-amd64 compressed oops)
# Failed to write core dump. Minidumps are not enabled by default on client versions of Windows
#

---------------  T H R E A D  ---------------

Current thread (0x00000000133ec000):  JavaThread "C2 CompilerThread0" daemon [_thread_in_native, id=5292, stack(0x0000000014d70000,0x0000000014e70000)]

Stack: [0x0000000014d70000,0x0000000014e70000]
[error occurred during error reporting (printing stack bounds), id 0xc0000005]

Native frames: (J=compiled Java code, j=interpreted, Vv=VM code, C=native code)


Current CompileTask:
C2:   1461 1146       4       org.objectweb.asm.ClassWriter::newUTF8 (70 bytes)


---------------  P R O C E S S  ---------------

Java Threads: ( => current thread )
  0x00000000147d4000 JavaThread "Service Thread" daemon [_thread_blocked, id=2184, stack(0x0000000015070000,0x0000000015170000)]
  0x00000000147ce000 JavaThread "C1 CompilerThread2" daemon [_thread_blocked, id=9644, stack(0x0000000014f70000,0x0000000015070000)]
  0x00000000147cb000 JavaThread "C2 CompilerThread1" daemon [_thread_in_native, id=12064, stack(0x0000000014e70000,0x0000000014f70000)]
=>0x00000000133ec000 JavaThread "C2 CompilerThread0" daemon [_thread_in_native, id=5292, stack(0x0000000014d70000,0x0000000014e70000)]
  0x00000000133eb000 JavaThread "Attach Listener" daemon [_thread_blocked, id=5940, stack(0x0000000014c70000,0x0000000014d70000)]
  0x00000000133a1000 JavaThread "Signal Dispatcher" daemon [_thread_blocked, id=4536, stack(0x0000000014b70000,0x0000000014c70000)]
  0x0000000003028800 JavaThread "Finalizer" daemon [_thread_blocked, id=10792, stack(0x0000000014610000,0x0000000014710000)]
  0x0000000003025000 JavaThread "Reference Handler" daemon [_thread_blocked, id=11600, stack(0x0000000014510000,0x0000000014610000)]
  0x0000000002f35000 JavaThread "main" [_thread_in_Java, id=11456, stack(0x0000000002e30000,0x0000000002f30000)]

Other Threads:
  0x0000000013355800 VMThread [stack: 0x0000000014410000,0x0000000014510000] [id=10892]
  0x00000000147d5000 WatcherThread [stack: 0x0000000015170000,0x0000000015270000] [id=10816]

VM state:not at safepoint (normal execution)

VM Mutex/Monitor currently owned by a thread: None

Heap:
 PSYoungGen      total 18944K, used 12047K [0x00000000feb00000, 0x0000000100000000, 0x0000000100000000)
  eden space 16384K, 58% used [0x00000000feb00000,0x00000000ff447d38,0x00000000ffb00000)
  from space 2560K, 99% used [0x00000000ffb00000,0x00000000ffd7c1f0,0x00000000ffd80000)
  to   space 2560K, 0% used [0x00000000ffd80000,0x00000000ffd80000,0x0000000100000000)
 ParOldGen       total 44032K, used 6254K [0x00000000fc000000, 0x00000000feb00000, 0x00000000feb00000)
  object space 44032K, 14% used [0x00000000fc000000,0x00000000fc61bb20,0x00000000feb00000)
 Metaspace       used 7950K, capacity 8140K, committed 8192K, reserved 1056768K
  class space    used 909K, capacity 988K, committed 1024K, reserved 1048576K

Card table byte_map: [0x0000000002d90000,0x0000000002dc0000] byte_map_base: 0x00000000025b0000

Marking Bits: (ParMarkBitMap*) 0x0000000053dd3950
 Begin Bits: [0x00000000127f0000, 0x00000000128f0000)
 End Bits:   [0x00000000128f0000, 0x00000000129f0000)

Polling page: 0x0000000002910000

CodeCache: size=245760Kb used=4134Kb max_used=4143Kb free=241625Kb
 bounds [0x0000000003030000, 0x0000000003450000, 0x0000000012030000]
 total_blobs=1480 nmethods=1145 adapters=248
 compilation: enabled

Compilation events (10 events):
Event: 1.448 Thread 0x00000000147ce000 nmethod 1145 0x0000000003439750 code [0x0000000003439920, 0x0000000003439f38]
Event: 1.453 Thread 0x00000000147ce000 1149       3       com.google.common.base.Preconditions::checkArgument (25 bytes)
Event: 1.453 Thread 0x00000000147ce000 nmethod 1149 0x0000000003439010 code [0x00000000034391a0, 0x00000000034395b8]
Event: 1.454 Thread 0x00000000147ce000 1150       3       com.google.common.base.Preconditions::checkPositionIndex (8 bytes)
Event: 1.454 Thread 0x00000000133ec000 nmethod 1121 0x000000000343da90 code [0x000000000343dc00, 0x000000000343e3f8]
Event: 1.454 Thread 0x00000000147ce000 nmethod 1150 0x000000000343d490 code [0x000000000343d620, 0x000000000343d918]
Event: 1.454 Thread 0x00000000133ec000 1148       4       org.objectweb.asm.Type::getArgumentsAndReturnSizes (151 bytes)
Event: 1.458 Thread 0x00000000133ec000 nmethod 1148 0x000000000343b3d0 code [0x000000000343b540, 0x000000000343ba18]
Event: 1.458 Thread 0x00000000133ec000 1146       4       org.objectweb.asm.ClassWriter::newUTF8 (70 bytes)
Event: 1.460 Thread 0x00000000147ce000 1151       3       com.google.devtools.build.android.desugar.IndexedInputs::getInputFileProvider (43 bytes)

GC Heap History (6 events):
Event: 0.872 GC heap before
{Heap before GC invocations=1 (full 0):
 PSYoungGen      total 18944K, used 16384K [0x00000000feb00000, 0x0000000100000000, 0x0000000100000000)
  eden space 16384K, 100% used [0x00000000feb00000,0x00000000ffb00000,0x00000000ffb00000)
  from space 2560K, 0% used [0x00000000ffd80000,0x00000000ffd80000,0x0000000100000000)
  to   space 2560K, 0% used [0x00000000ffb00000,0x00000000ffb00000,0x00000000ffd80000)
 ParOldGen       total 44032K, used 0K [0x00000000fc000000, 0x00000000feb00000, 0x00000000feb00000)
  object space 44032K, 0% used [0x00000000fc000000,0x00000000fc000000,0x00000000feb00000)
 Metaspace       used 6567K, capacity 6682K, committed 6784K, reserved 1056768K
  class space    used 772K, capacity 823K, committed 896K, reserved 1048576K
Event: 0.886 GC heap after
Heap after GC invocations=1 (full 0):
 PSYoungGen      total 18944K, used 2536K [0x00000000feb00000, 0x0000000100000000, 0x0000000100000000)
  eden space 16384K, 0% used [0x00000000feb00000,0x00000000feb00000,0x00000000ffb00000)
  from space 2560K, 99% used [0x00000000ffb00000,0x00000000ffd7a030,0x00000000ffd80000)
  to   space 2560K, 0% used [0x00000000ffd80000,0x00000000ffd80000,0x0000000100000000)
 ParOldGen       total 44032K, used 1805K [0x00000000fc000000, 0x00000000feb00000, 0x00000000feb00000)
  object space 44032K, 4% used [0x00000000fc000000,0x00000000fc1c3730,0x00000000feb00000)
 Metaspace       used 6567K, capacity 6682K, committed 6784K, reserved 1056768K
  class space    used 772K, capacity 823K, committed 896K, reserved 1048576K
}
Event: 1.133 GC heap before
{Heap before GC invocations=2 (full 0):
 PSYoungGen      total 18944K, used 18920K [0x00000000feb00000, 0x0000000100000000, 0x0000000100000000)
  eden space 16384K, 100% used [0x00000000feb00000,0x00000000ffb00000,0x00000000ffb00000)
  from space 2560K, 99% used [0x00000000ffb00000,0x00000000ffd7a030,0x00000000ffd80000)
  to   space 2560K, 0% used [0x00000000ffd80000,0x00000000ffd80000,0x0000000100000000)
 ParOldGen       total 44032K, used 1805K [0x00000000fc000000, 0x00000000feb00000, 0x00000000feb00000)
  object space 44032K, 4% used [0x00000000fc000000,0x00000000fc1c3730,0x00000000feb00000)
 Metaspace       used 7207K, capacity 7340K, committed 7552K, reserved 1056768K
  class space    used 843K, capacity 892K, committed 896K, reserved 1048576K
Event: 1.139 GC heap after
Heap after GC invocations=2 (full 0):
 PSYoungGen      total 18944K, used 2528K [0x00000000feb00000, 0x0000000100000000, 0x0000000100000000)
  eden space 16384K, 0% used [0x00000000feb00000,0x00000000feb00000,0x00000000ffb00000)
  from space 2560K, 98% used [0x00000000ffd80000,0x00000000ffff8210,0x0000000100000000)
  to   space 2560K, 0% used [0x00000000ffb00000,0x00000000ffb00000,0x00000000ffd80000)
 ParOldGen       total 44032K, used 5649K [0x00000000fc000000, 0x00000000feb00000, 0x00000000feb00000)
  object space 44032K, 12% used [0x00000000fc000000,0x00000000fc584470,0x00000000feb00000)
 Metaspace       used 7207K, capacity 7340K, committed 7552K, reserved 1056768K
  class space    used 843K, capacity 892K, committed 896K, reserved 1048576K
}
Event: 1.379 GC heap before
{Heap before GC invocations=3 (full 0):
 PSYoungGen      total 18944K, used 18912K [0x00000000feb00000, 0x0000000100000000, 0x0000000100000000)
  eden space 16384K, 100% used [0x00000000feb00000,0x00000000ffb00000,0x00000000ffb00000)
  from space 2560K, 98% used [0x00000000ffd80000,0x00000000ffff8210,0x0000000100000000)
  to   space 2560K, 0% used [0x00000000ffb00000,0x00000000ffb00000,0x00000000ffd80000)
 ParOldGen       total 44032K, used 5649K [0x00000000fc000000, 0x00000000feb00000, 0x00000000feb00000)
  object space 44032K, 12% used [0x00000000fc000000,0x00000000fc584470,0x00000000feb00000)
 Metaspace       used 7907K, capacity 8076K, committed 8192K, reserved 1056768K
  class space    used 908K, capacity 988K, committed 1024K, reserved 1048576K
Event: 1.384 GC heap after
Heap after GC invocations=3 (full 0):
 PSYoungGen      total 18944K, used 2544K [0x00000000feb00000, 0x0000000100000000, 0x0000000100000000)
  eden space 16384K, 0% used [0x00000000feb00000,0x00000000feb00000,0x00000000ffb00000)
  from space 2560K, 99% used [0x00000000ffb00000,0x00000000ffd7c1f0,0x00000000ffd80000)
  to   space 2560K, 0% used [0x00000000ffd80000,0x00000000ffd80000,0x0000000100000000)
 ParOldGen       total 44032K, used 6254K [0x00000000fc000000, 0x00000000feb00000, 0x00000000feb00000)
  object space 44032K, 14% used [0x00000000fc000000,0x00000000fc61bb20,0x00000000feb00000)
 Metaspace       used 7907K, capacity 8076K, committed 8192K, reserved 1056768K
  class space    used 908K, capacity 988K, committed 1024K, reserved 1048576K
}

Deoptimization events (10 events):
Event: 1.271 Thread 0x0000000002f35000 Uncommon trap: reason=unstable_if action=reinterpret pc=0x000000000330e190 method=java.lang.String.<init>([CII)V @ 18
Event: 1.372 Thread 0x0000000002f35000 Uncommon trap: reason=unstable_if action=reinterpret pc=0x00000000033deca4 method=org.objectweb.asm.Type.getArgumentsAndReturnSizes(Ljava/lang/String;)I @ 100
Event: 1.377 Thread 0x0000000002f35000 Uncommon trap: reason=unstable_if action=reinterpret pc=0x00000000033ee264 method=org.objectweb.asm.tree.MethodNode.getLabelNodes([Ljava/lang/Object;)[Ljava/lang/Object; @ 24
Event: 1.397 Thread 0x0000000002f35000 Uncommon trap: reason=unstable_if action=reinterpret pc=0x000000000340bc28 method=java.io.BufferedOutputStream.write(I)V @ 9
Event: 1.403 Thread 0x0000000002f35000 Uncommon trap: reason=null_check action=make_not_entrant pc=0x000000000341d300 method=com.google.devtools.build.android.desugar.InterfaceDesugaring$InterfaceInvocationRewriter.visitMethodInsn(ILjava/lang/String;Ljava/lang/String;Ljava/lang/String;Z)V @ 10
Event: 1.405 Thread 0x0000000002f35000 Uncommon trap: reason=unstable_if action=reinterpret pc=0x00000000033a92f4 method=org.objectweb.asm.ClassReader.a(II[C)Ljava/lang/String; @ 77
Event: 1.406 Thread 0x0000000002f35000 Uncommon trap: reason=unstable_if action=reinterpret pc=0x0000000003396c88 method=org.objectweb.asm.ByteVector.putUTF8(Ljava/lang/String;)Lorg/objectweb/asm/ByteVector; @ 98
Event: 1.406 Thread 0x0000000002f35000 Uncommon trap: reason=unstable_if action=reinterpret pc=0x0000000003345738 method=org.objectweb.asm.ByteVector.putUTF8(Ljava/lang/String;)Lorg/objectweb/asm/ByteVector; @ 98
Event: 1.434 Thread 0x0000000002f35000 Uncommon trap: reason=unstable_if action=reinterpret pc=0x0000000003422fcc method=org.objectweb.asm.Type.getArgumentsAndReturnSizes(Ljava/lang/String;)I @ 41
Event: 1.439 Thread 0x0000000002f35000 Uncommon trap: reason=unstable_if action=reinterpret pc=0x00000000033e00f4 method=org.objectweb.asm.MethodWriter.visitVarInsn(II)V @ 148

Classes redefined (0 events):
No events

Internal exceptions (10 events):
Event: 0.956 Thread 0x0000000002f35000 Exception <a 'sun/nio/fs/WindowsException'> (0x00000000ff187940) thrown at [D:\src\AOSP-openjdk-cygwin\jdk8u\hotspot\src\share\vm\prims\jni.cpp, line 709]
Event: 0.956 Thread 0x0000000002f35000 Exception <a 'sun/nio/fs/WindowsException'> (0x00000000ff188110) thrown at [D:\src\AOSP-openjdk-cygwin\jdk8u\hotspot\src\share\vm\prims\jni.cpp, line 709]
Event: 0.956 Thread 0x0000000002f35000 Exception <a 'sun/nio/fs/WindowsException'> (0x00000000ff1886e0) thrown at [D:\src\AOSP-openjdk-cygwin\jdk8u\hotspot\src\share\vm\prims\jni.cpp, line 709]
Event: 0.956 Thread 0x0000000002f35000 Exception <a 'sun/nio/fs/WindowsException'> (0x00000000ff188ea0) thrown at [D:\src\AOSP-openjdk-cygwin\jdk8u\hotspot\src\share\vm\prims\jni.cpp, line 709]
Event: 0.970 Thread 0x0000000002f35000 Exception <a 'sun/nio/fs/WindowsException'> (0x00000000ff18e308) thrown at [D:\src\AOSP-openjdk-cygwin\jdk8u\hotspot\src\share\vm\prims\jni.cpp, line 709]
Event: 1.099 Thread 0x0000000002f35000 Exception <a 'sun/nio/fs/WindowsException'> (0x00000000ffa12440) thrown at [D:\src\AOSP-openjdk-cygwin\jdk8u\hotspot\src\share\vm\prims\jni.cpp, line 709]
Event: 1.099 Thread 0x0000000002f35000 Exception <a 'sun/nio/fs/WindowsException'> (0x00000000ffa129d0) thrown at [D:\src\AOSP-openjdk-cygwin\jdk8u\hotspot\src\share\vm\prims\jni.cpp, line 709]
Event: 1.400 Thread 0x0000000002f35000 Exception <a 'sun/nio/fs/WindowsException'> (0x00000000fecf53c0) thrown at [D:\src\AOSP-openjdk-cygwin\jdk8u\hotspot\src\share\vm\prims\jni.cpp, line 709]
Event: 1.400 Thread 0x0000000002f35000 Exception <a 'sun/nio/fs/WindowsException'> (0x00000000fecf58c8) thrown at [D:\src\AOSP-openjdk-cygwin\jdk8u\hotspot\src\share\vm\prims\jni.cpp, line 709]
Event: 1.403 Thread 0x0000000002f35000 Implicit null exception at 0x000000000341c99c to 0x000000000341d2e1

Events (10 events):
Event: 1.434 Thread 0x0000000002f35000 Uncommon trap: trap_request=0xffffff65 fr.pc=0x0000000003422fcc
Event: 1.434 Thread 0x0000000002f35000 DEOPT PACKING pc=0x0000000003422fcc sp=0x0000000002f2e730
Event: 1.434 Thread 0x0000000002f35000 DEOPT UNPACKING pc=0x000000000307556a sp=0x0000000002f2e6b8 mode 2
Event: 1.439 Thread 0x0000000002f35000 Uncommon trap: trap_request=0xffffff65 fr.pc=0x00000000033e00f4
Event: 1.439 Thread 0x0000000002f35000 DEOPT PACKING pc=0x00000000033e00f4 sp=0x0000000002f2ea70
Event: 1.439 Thread 0x0000000002f35000 DEOPT UNPACKING pc=0x000000000307556a sp=0x0000000002f2ea10 mode 2
Event: 1.441 Thread 0x0000000002f35000 DEOPT PACKING pc=0x000000000337a9b0 sp=0x0000000002f2eb20
Event: 1.441 Thread 0x0000000002f35000 DEOPT UNPACKING pc=0x00000000030775bf sp=0x0000000002f2e848 mode 0
Event: 1.451 Thread 0x0000000002f35000 DEOPT PACKING pc=0x000000000337a9b0 sp=0x0000000002f2eb20
Event: 1.451 Thread 0x0000000002f35000 DEOPT UNPACKING pc=0x00000000030775bf sp=0x0000000002f2e848 mode 0


Dynamic libraries:
0x00007ff7f9b10000 - 0x00007ff7f9b41000 	D:\Program Files (x86)\AndroidStudio\jre\bin\java.exe
0x00007ffb7a640000 - 0x00007ffb7a81b000 	C:\Windows\SYSTEM32\ntdll.dll
0x00007ffb77ff0000 - 0x00007ffb7809e000 	C:\Windows\System32\KERNEL32.DLL
0x00007ffb77880000 - 0x00007ffb77ac9000 	C:\Windows\System32\KERNELBASE.dll
0x00007ffb782a0000 - 0x00007ffb78341000 	C:\Windows\System32\ADVAPI32.dll
0x00007ffb78e00000 - 0x00007ffb78e9d000 	C:\Windows\System32\msvcrt.dll
0x00007ffb78f60000 - 0x00007ffb78fb9000 	C:\Windows\System32\sechost.dll
0x00007ffb78570000 - 0x00007ffb78695000 	C:\Windows\System32\RPCRT4.dll
0x00007ffb78420000 - 0x00007ffb7856a000 	C:\Windows\System32\USER32.dll
0x00007ffb77ad0000 - 0x00007ffb77aee000 	C:\Windows\System32\win32u.dll
0x00007ffb78210000 - 0x00007ffb78237000 	C:\Windows\System32\GDI32.dll
0x00007ffb776f0000 - 0x00007ffb77877000 	C:\Windows\System32\gdi32full.dll
0x00007ffb77410000 - 0x00007ffb774aa000 	C:\Windows\System32\msvcp_win.dll
0x00007ffb76c10000 - 0x00007ffb76d06000 	C:\Windows\System32\ucrtbase.dll
0x00007ffb68b20000 - 0x00007ffb68d87000 	C:\Windows\WinSxS\amd64_microsoft.windows.common-controls_6595b64144ccf1df_6.0.15063.483_none_26002d27e7c744a2\COMCTL32.dll
0x00007ffb77cf0000 - 0x00007ffb77fe9000 	C:\Windows\System32\combase.dll
0x00007ffb77680000 - 0x00007ffb776ea000 	C:\Windows\System32\bcryptPrimitives.dll
0x00007ffb78120000 - 0x00007ffb7814d000 	C:\Windows\System32\IMM32.DLL
0x0000000054040000 - 0x0000000054112000 	D:\Program Files (x86)\AndroidStudio\jre\jre\bin\msvcr100.dll
0x0000000053610000 - 0x0000000053e4e000 	D:\Program Files (x86)\AndroidStudio\jre\jre\bin\server\jvm.dll
0x00007ffb783f0000 - 0x00007ffb783f8000 	C:\Windows\System32\PSAPI.DLL
0x00007ffb75150000 - 0x00007ffb75159000 	C:\Windows\SYSTEM32\WSOCK32.dll
0x00007ffb790e0000 - 0x00007ffb7914c000 	C:\Windows\System32\WS2_32.dll
0x00007ffb750d0000 - 0x00007ffb750f3000 	C:\Windows\SYSTEM32\WINMM.dll
0x00007ffb72990000 - 0x00007ffb7299a000 	C:\Windows\SYSTEM32\VERSION.dll
0x00007ffb75070000 - 0x00007ffb7509b000 	C:\Windows\SYSTEM32\WINMMBASE.dll
0x00007ffb76bc0000 - 0x00007ffb76c09000 	C:\Windows\System32\cfgmgr32.dll
0x00007ffb73c80000 - 0x00007ffb73c8f000 	D:\Program Files (x86)\AndroidStudio\jre\jre\bin\verify.dll
0x00007ffb71150000 - 0x00007ffb71179000 	D:\Program Files (x86)\AndroidStudio\jre\jre\bin\java.dll
0x00007ffb73bb0000 - 0x00007ffb73bc6000 	D:\Program Files (x86)\AndroidStudio\jre\jre\bin\zip.dll
0x00007ffb79150000 - 0x00007ffb7a587000 	C:\Windows\System32\SHELL32.dll
0x00007ffb7a590000 - 0x00007ffb7a63a000 	C:\Windows\System32\shcore.dll
0x00007ffb76d10000 - 0x00007ffb77401000 	C:\Windows\System32\windows.storage.dll
0x00007ffb78ea0000 - 0x00007ffb78ef1000 	C:\Windows\System32\shlwapi.dll
0x00007ffb76b00000 - 0x00007ffb76b11000 	C:\Windows\System32\kernel.appcore.dll
0x00007ffb76ab0000 - 0x00007ffb76afc000 	C:\Windows\System32\powrprof.dll
0x00007ffb76b20000 - 0x00007ffb76b35000 	C:\Windows\System32\profapi.dll
0x00007ffb76510000 - 0x00007ffb76527000 	C:\Windows\SYSTEM32\CRYPTSP.dll
0x00007ffb75f80000 - 0x00007ffb75fb4000 	C:\Windows\system32\rsaenh.dll
0x00007ffb76980000 - 0x00007ffb769a5000 	C:\Windows\SYSTEM32\bcrypt.dll
0x00007ffb769e0000 - 0x00007ffb76a09000 	C:\Windows\SYSTEM32\USERENV.dll
0x00007ffb76500000 - 0x00007ffb7650b000 	C:\Windows\SYSTEM32\CRYPTBASE.dll
0x00007ffb71130000 - 0x00007ffb7114a000 	D:\Program Files (x86)\AndroidStudio\jre\jre\bin\net.dll
0x00007ffb76360000 - 0x00007ffb763bc000 	C:\Windows\system32\mswsock.dll
0x00007ffb76100000 - 0x00007ffb76137000 	C:\Windows\SYSTEM32\IPHLPAPI.DLL
0x00007ffb790d0000 - 0x00007ffb790d8000 	C:\Windows\System32\NSI.dll
0x00007ffb71760000 - 0x00007ffb71776000 	C:\Windows\SYSTEM32\dhcpcsvc6.DLL
0x00007ffb71ab0000 - 0x00007ffb71aca000 	C:\Windows\SYSTEM32\dhcpcsvc.DLL
0x00007ffb71110000 - 0x00007ffb71121000 	D:\Program Files (x86)\AndroidStudio\jre\jre\bin\nio.dll

VM Arguments:
jvm_args: -Djava.awt.headless=true -Xmx64M -Dfile.encoding=GBK -Duser.country=CN -Duser.language=zh -Duser.variant 
java_command: com.google.devtools.build.android.desugar.Desugar --input D:\AndroidProjects\NLinksParkDemo\app\build\intermediates\transforms\stackFramesFixer\debug\32.jar --output D:\AndroidProjects\NLinksParkDemo\app\build\intermediates\transforms\desugar\debug\34.jar --input D:\AndroidProjects\NLinksParkDemo\app\build\intermediates\transforms\stackFramesFixer\debug\4.jar --output D:\AndroidProjects\NLinksParkDemo\app\build\intermediates\transforms\desugar\debug\6.jar --input D:\AndroidProjects\NLinksParkDemo\app\build\intermediates\transforms\stackFramesFixer\debug\14.jar --output D:\AndroidProjects\NLinksParkDemo\app\build\intermediates\transforms\desugar\debug\16.jar --input D:\AndroidProjects\NLinksParkDemo\app\build\intermediates\transforms\stackFramesFixer\debug\12.jar --output D:\AndroidProjects\NLinksParkDemo\app\build\intermediates\transforms\desugar\debug\14.jar --input D:\AndroidProjects\NLinksParkDemo\app\build\intermediates\transforms\stackFramesFixer\debug\8.jar --output D:\AndroidProjects\NLinksParkDemo\app\build\intermediates\transforms\desugar\debug\10.jar --input D:\AndroidProjects\NLinksParkDemo\app\build\intermediates\transforms\stackFramesFixer\debug\37.jar --output D:\AndroidProjects\NLinksParkDemo\app\build\intermediates\transforms\desugar\debug\39.jar --input D:\AndroidProjects\NLinksParkDemo\app\build\intermediates\transforms\stackFramesFixer\debug\38.jar --output D:\AndroidProjects\NLinksParkDemo\app\build\intermediates\transforms\desugar\debug\40.jar --input D:\AndroidProjects\NLinksParkDemo\app\build\intermediates\transforms\stackFramesFixer\debug\18.jar --output D:\AndroidProjects\NLinksParkDemo\app\build\intermediates\transforms\desugar\debug\20.jar --input D:\AndroidProjects\NLinksParkDemo\app\build\intermediates\transforms\stackFramesFixer\debug\31.jar --output D:\AndroidProjects\NLinksParkDemo\app\build\intermediates\transforms\desugar\debug\33.jar --input D:\AndroidProjects\NLinksParkDemo\app\build\intermediates\transforms\stackF
java_class_path (initial): C:\Users\Administrator\AppData\Local\Temp\desugar_deploy.jar7460033743524525784
Launcher Type: SUN_STANDARD

Environment Variables:
JAVA_HOME=D:\JavaJDK\jdk1.8.0_131
PATH=D:\JavaJDK\jdk1.8.0_131\bin;D:\Program Files (x86)\Python36-32\Scripts\;D:\Program Files (x86)\Python36-32\;C:\ProgramData\Oracle\Java\javapath;C:\Windows\system32;C:\Windows;C:\Windows\System32\Wbem;C:\Windows\System32\WindowsPowerShell\v1.0\;D:\Program Files (x86)\Nodejs\;D:\Program Files (x86)\Git\cmd;D:\JavaJDK\jdk1.8.0_131\jre\bin;D:\AndroidSDK\tools;D:\AndroidSDK\platform-tools;D:\AndroidSDK\tools\bin;C:\Program Files\MySQL\MySQL Utilities 1.6\;C:\Users\Administrator\AppData\Local\Microsoft\WindowsApps;C:\Users\Administrator\AppData\Roaming\npm;C:\Program Files\MySQL\MySQL Server 5.7\bin;
USERNAME=Administrator
OS=Windows_NT
PROCESSOR_IDENTIFIER=Intel64 Family 6 Model 60 Stepping 3, GenuineIntel



---------------  S Y S T E M  ---------------

OS: Windows 10.0 , 64 bit Build 15063 (10.0.15063.296)

CPU:total 4 (initial active 4) (4 cores per cpu, 1 threads per core) family 6 model 60 stepping 3, cmov, cx8, fxsr, mmx, sse, sse2, sse3, ssse3, sse4.1, sse4.2, popcnt, avx, avx2, aes, clmul, erms, lzcnt, tsc, tscinvbit, bmi1, bmi2

Memory: 4k page, physical 8324252k(1686484k free), swap 11416848k(3036k free)

vm_info: OpenJDK 64-Bit Server VM (25.152-b01) for windows-amd64 JRE (1.8.0_152-release-915-b01), built by "builder" with MS VC++ 10.0 (VS2010)

time: Wed Jan 24 17:50:25 2018
elapsed time: 1 seconds (0d 0h 0m 1s)

