#
# There is insufficient memory for the Java Runtime Environment to continue.
# Native memory allocation (malloc) failed to allocate 32744 bytes for ChunkPool::allocate
# Possible reasons:
#   The system is out of physical RAM or swap space
#   In 32 bit mode, the process size limit was hit
# Possible solutions:
#   Reduce memory load on the system
#   Increase physical memory or swap space
#   Check if swap backing store is full
#   Use 64 bit Java on a 64 bit OS
#   Decrease Java heap size (-Xmx/-Xms)
#   Decrease number of Java threads
#   Decrease Java thread stack sizes (-Xss)
#   Set larger code cache with -XX:ReservedCodeCacheSize=
# This output file may be truncated or incomplete.
#
#  Out of Memory Error (allocation.cpp:273), pid=11528, tid=0x00000000000010c0
#
# JRE version: OpenJDK Runtime Environment (8.0_152-b01) (build 1.8.0_152-release-915-b01)
# Java VM: OpenJDK 64-Bit Server VM (25.152-b01 mixed mode windows-amd64 compressed oops)
# Failed to write core dump. Minidumps are not enabled by default on client versions of Windows
#

---------------  T H R E A D  ---------------

Current thread (0x0000000012ddd800):  JavaThread "C2 CompilerThread0" daemon [_thread_in_native, id=4288, stack(0x0000000014750000,0x0000000014850000)]

Stack: [0x0000000014750000,0x0000000014850000]
[error occurred during error reporting (printing stack bounds), id 0xc0000005]

Native frames: (J=compiled Java code, j=interpreted, Vv=VM code, C=native code)


Current CompileTask:
C2:   3945  948       4       org.objectweb.asm.ClassReader::a (3587 bytes)


---------------  P R O C E S S  ---------------

Java Threads: ( => current thread )
  0x00000000141b4800 JavaThread "Service Thread" daemon [_thread_blocked, id=8368, stack(0x0000000014a50000,0x0000000014b50000)]
  0x00000000141ac000 JavaThread "C1 CompilerThread2" daemon [_thread_in_native, id=3672, stack(0x0000000014950000,0x0000000014a50000)]
  0x000000001415b000 JavaThread "C2 CompilerThread1" daemon [_thread_blocked, id=10844, stack(0x0000000014850000,0x0000000014950000)]
=>0x0000000012ddd800 JavaThread "C2 CompilerThread0" daemon [_thread_in_native, id=4288, stack(0x0000000014750000,0x0000000014850000)]
  0x0000000014158800 JavaThread "Attach Listener" daemon [_thread_blocked, id=10188, stack(0x0000000014650000,0x0000000014750000)]
  0x0000000012d91000 JavaThread "Signal Dispatcher" daemon [_thread_blocked, id=7152, stack(0x0000000014550000,0x0000000014650000)]
  0x0000000002a1e800 JavaThread "Finalizer" daemon [_thread_blocked, id=10468, stack(0x0000000013ff0000,0x00000000140f0000)]
  0x0000000002a15000 JavaThread "Reference Handler" daemon [_thread_blocked, id=5524, stack(0x0000000013ef0000,0x0000000013ff0000)]
  0x0000000002925000 JavaThread "main" [_thread_in_Java, id=11360, stack(0x00000000027a0000,0x00000000028a0000)]

Other Threads:
  0x0000000012d45800 VMThread [stack: 0x0000000013df0000,0x0000000013ef0000] [id=2788]
  0x00000000141b6000 WatcherThread [stack: 0x0000000014b50000,0x0000000014c50000] [id=12192]

VM state:not at safepoint (normal execution)

VM Mutex/Monitor currently owned by a thread: None

Heap:
 PSYoungGen      total 18944K, used 8459K [0x00000000feb00000, 0x0000000100000000, 0x0000000100000000)
  eden space 16384K, 36% used [0x00000000feb00000,0x00000000ff0c6b98,0x00000000ffb00000)
  from space 2560K, 99% used [0x00000000ffd80000,0x00000000ffffc1e8,0x0000000100000000)
  to   space 2560K, 0% used [0x00000000ffb00000,0x00000000ffb00000,0x00000000ffd80000)
 ParOldGen       total 44032K, used 5509K [0x00000000fc000000, 0x00000000feb00000, 0x00000000feb00000)
  object space 44032K, 12% used [0x00000000fc000000,0x00000000fc561668,0x00000000feb00000)
 Metaspace       used 7844K, capacity 8012K, committed 8192K, reserved 1056768K
  class space    used 902K, capacity 988K, committed 1024K, reserved 1048576K

Card table byte_map: [0x0000000000850000,0x0000000000880000] byte_map_base: 0x0000000000070000

Marking Bits: (ParMarkBitMap*) 0x0000000053dd3950
 Begin Bits: [0x00000000121e0000, 0x00000000122e0000)
 End Bits:   [0x00000000122e0000, 0x00000000123e0000)

Polling page: 0x0000000000810000

CodeCache: size=245760Kb used=3628Kb max_used=3628Kb free=242131Kb
 bounds [0x0000000002a20000, 0x0000000002dc0000, 0x0000000011a20000]
 total_blobs=1293 nmethods=959 adapters=248
 compilation: enabled

Compilation events (10 events):
Event: 3.939 Thread 0x00000000141ac000 nmethod 956 0x0000000002da7b90 code [0x0000000002da7d60, 0x0000000002da8708]
Event: 3.939 Thread 0x00000000141ac000  957       3       org.objectweb.asm.ClassReader::a (133 bytes)
Event: 3.939 Thread 0x00000000141ac000 nmethod 957 0x0000000002da8dd0 code [0x0000000002da8fc0, 0x0000000002da9b98]
Event: 3.940 Thread 0x00000000141ac000  958       3       java.lang.Integer::<init> (10 bytes)
Event: 3.940 Thread 0x00000000141ac000 nmethod 958 0x0000000002daa250 code [0x0000000002daa3c0, 0x0000000002daa5d0]
Event: 3.940 Thread 0x000000001415b000  959       4       org.objectweb.asm.MethodVisitor::visitLabel (16 bytes)
Event: 3.940 Thread 0x000000001415b000 nmethod 959 0x0000000002d87190 code [0x0000000002d872c0, 0x0000000002d87358]
Event: 3.940 Thread 0x00000000141ac000  960       3       org.objectweb.asm.MethodWriter::a (845 bytes)
Event: 3.942 Thread 0x00000000141ac000 nmethod 960 0x0000000002dad310 code [0x0000000002dad780, 0x0000000002dafb68]
Event: 3.942 Thread 0x00000000141ac000  961       3       org.objectweb.asm.MethodWriter::a (1609 bytes)

GC Heap History (4 events):
Event: 1.531 GC heap before
{Heap before GC invocations=1 (full 0):
 PSYoungGen      total 18944K, used 16384K [0x00000000feb00000, 0x0000000100000000, 0x0000000100000000)
  eden space 16384K, 100% used [0x00000000feb00000,0x00000000ffb00000,0x00000000ffb00000)
  from space 2560K, 0% used [0x00000000ffd80000,0x00000000ffd80000,0x0000000100000000)
  to   space 2560K, 0% used [0x00000000ffb00000,0x00000000ffb00000,0x00000000ffd80000)
 ParOldGen       total 44032K, used 0K [0x00000000fc000000, 0x00000000feb00000, 0x00000000feb00000)
  object space 44032K, 0% used [0x00000000fc000000,0x00000000fc000000,0x00000000feb00000)
 Metaspace       used 6592K, capacity 6746K, committed 7040K, reserved 1056768K
  class space    used 772K, capacity 823K, committed 896K, reserved 1048576K
Event: 1.757 GC heap after
Heap after GC invocations=1 (full 0):
 PSYoungGen      total 18944K, used 2552K [0x00000000feb00000, 0x0000000100000000, 0x0000000100000000)
  eden space 16384K, 0% used [0x00000000feb00000,0x00000000feb00000,0x00000000ffb00000)
  from space 2560K, 99% used [0x00000000ffb00000,0x00000000ffd7e020,0x00000000ffd80000)
  to   space 2560K, 0% used [0x00000000ffd80000,0x00000000ffd80000,0x0000000100000000)
 ParOldGen       total 44032K, used 1734K [0x00000000fc000000, 0x00000000feb00000, 0x00000000feb00000)
  object space 44032K, 3% used [0x00000000fc000000,0x00000000fc1b1bc8,0x00000000feb00000)
 Metaspace       used 6592K, capacity 6746K, committed 7040K, reserved 1056768K
  class space    used 772K, capacity 823K, committed 896K, reserved 1048576K
}
Event: 3.495 GC heap before
{Heap before GC invocations=2 (full 0):
 PSYoungGen      total 18944K, used 18936K [0x00000000feb00000, 0x0000000100000000, 0x0000000100000000)
  eden space 16384K, 100% used [0x00000000feb00000,0x00000000ffb00000,0x00000000ffb00000)
  from space 2560K, 99% used [0x00000000ffb00000,0x00000000ffd7e020,0x00000000ffd80000)
  to   space 2560K, 0% used [0x00000000ffd80000,0x00000000ffd80000,0x0000000100000000)
 ParOldGen       total 44032K, used 1734K [0x00000000fc000000, 0x00000000feb00000, 0x00000000feb00000)
  object space 44032K, 3% used [0x00000000fc000000,0x00000000fc1b1bc8,0x00000000feb00000)
 Metaspace       used 7247K, capacity 7404K, committed 7552K, reserved 1056768K
  class space    used 846K, capacity 892K, committed 896K, reserved 1048576K
Event: 3.618 GC heap after
Heap after GC invocations=2 (full 0):
 PSYoungGen      total 18944K, used 2544K [0x00000000feb00000, 0x0000000100000000, 0x0000000100000000)
  eden space 16384K, 0% used [0x00000000feb00000,0x00000000feb00000,0x00000000ffb00000)
  from space 2560K, 99% used [0x00000000ffd80000,0x00000000ffffc1e8,0x0000000100000000)
  to   space 2560K, 0% used [0x00000000ffb00000,0x00000000ffb00000,0x00000000ffd80000)
 ParOldGen       total 44032K, used 5509K [0x00000000fc000000, 0x00000000feb00000, 0x00000000feb00000)
  object space 44032K, 12% used [0x00000000fc000000,0x00000000fc561668,0x00000000feb00000)
 Metaspace       used 7247K, capacity 7404K, committed 7552K, reserved 1056768K
  class space    used 846K, capacity 892K, committed 896K, reserved 1048576K
}

Deoptimization events (10 events):
Event: 3.486 Thread 0x0000000002925000 Uncommon trap: reason=class_check action=maybe_recompile pc=0x0000000002c3d250 method=com.google.common.collect.Iterators$7.transform(Ljava/lang/Object;)Ljava/lang/Object; @ 5
Event: 3.486 Thread 0x0000000002925000 Uncommon trap: reason=class_check action=maybe_recompile pc=0x0000000002c4d76c method=com.google.common.collect.TransformedIterator.hasNext()Z @ 4
Event: 3.486 Thread 0x0000000002925000 Uncommon trap: reason=class_check action=maybe_recompile pc=0x0000000002c574e0 method=com.google.common.collect.TransformedIterator.next()Ljava/lang/Object; @ 5
Event: 3.486 Thread 0x0000000002925000 Uncommon trap: reason=class_check action=maybe_recompile pc=0x0000000002c3d250 method=com.google.common.collect.Iterators$7.transform(Ljava/lang/Object;)Ljava/lang/Object; @ 5
Event: 3.486 Thread 0x0000000002925000 Uncommon trap: reason=class_check action=maybe_recompile pc=0x0000000002c574e0 method=com.google.common.collect.TransformedIterator.next()Ljava/lang/Object; @ 5
Event: 3.486 Thread 0x0000000002925000 Uncommon trap: reason=class_check action=maybe_recompile pc=0x0000000002c3d250 method=com.google.common.collect.Iterators$7.transform(Ljava/lang/Object;)Ljava/lang/Object; @ 5
Event: 3.817 Thread 0x0000000002925000 Uncommon trap: reason=unstable_if action=reinterpret pc=0x0000000002d0dc34 method=org.objectweb.asm.ClassReader.readUTF8(I[C)Ljava/lang/String; @ 11
Event: 3.861 Thread 0x0000000002925000 Uncommon trap: reason=unstable_if action=reinterpret pc=0x0000000002d72c34 method=org.objectweb.asm.ClassReader.a(II[C)Ljava/lang/String; @ 77
Event: 3.861 Thread 0x0000000002925000 Uncommon trap: reason=unstable_if action=reinterpret pc=0x0000000002d0b074 method=org.objectweb.asm.ClassReader.a(II[C)Ljava/lang/String; @ 77
Event: 3.864 Thread 0x0000000002925000 Uncommon trap: reason=unstable_if action=reinterpret pc=0x0000000002d14d78 method=org.objectweb.asm.ByteVector.putUTF8(Ljava/lang/String;)Lorg/objectweb/asm/ByteVector; @ 98

Classes redefined (0 events):
No events

Internal exceptions (10 events):
Event: 1.498 Thread 0x0000000002925000 Implicit null exception at 0x0000000002c48a93 to 0x0000000002c49421
Event: 2.137 Thread 0x0000000002925000 Exception <a 'sun/nio/fs/WindowsException'> (0x00000000ff182b58) thrown at [D:\src\AOSP-openjdk-cygwin\jdk8u\hotspot\src\share\vm\prims\jni.cpp, line 709]
Event: 2.137 Thread 0x0000000002925000 Exception <a 'sun/nio/fs/WindowsException'> (0x00000000ff183128) thrown at [D:\src\AOSP-openjdk-cygwin\jdk8u\hotspot\src\share\vm\prims\jni.cpp, line 709]
Event: 2.138 Thread 0x0000000002925000 Exception <a 'sun/nio/fs/WindowsException'> (0x00000000ff183720) thrown at [D:\src\AOSP-openjdk-cygwin\jdk8u\hotspot\src\share\vm\prims\jni.cpp, line 709]
Event: 2.138 Thread 0x0000000002925000 Exception <a 'sun/nio/fs/WindowsException'> (0x00000000ff183ef0) thrown at [D:\src\AOSP-openjdk-cygwin\jdk8u\hotspot\src\share\vm\prims\jni.cpp, line 709]
Event: 2.138 Thread 0x0000000002925000 Exception <a 'sun/nio/fs/WindowsException'> (0x00000000ff1844c0) thrown at [D:\src\AOSP-openjdk-cygwin\jdk8u\hotspot\src\share\vm\prims\jni.cpp, line 709]
Event: 2.138 Thread 0x0000000002925000 Exception <a 'sun/nio/fs/WindowsException'> (0x00000000ff184c80) thrown at [D:\src\AOSP-openjdk-cygwin\jdk8u\hotspot\src\share\vm\prims\jni.cpp, line 709]
Event: 2.759 Thread 0x0000000002925000 Exception <a 'sun/nio/fs/WindowsException'> (0x00000000ff18a0e8) thrown at [D:\src\AOSP-openjdk-cygwin\jdk8u\hotspot\src\share\vm\prims\jni.cpp, line 709]
Event: 2.993 Thread 0x0000000002925000 Exception <a 'sun/nio/fs/WindowsException'> (0x00000000ffa137a0) thrown at [D:\src\AOSP-openjdk-cygwin\jdk8u\hotspot\src\share\vm\prims\jni.cpp, line 709]
Event: 2.999 Thread 0x0000000002925000 Exception <a 'sun/nio/fs/WindowsException'> (0x00000000ffa13d30) thrown at [D:\src\AOSP-openjdk-cygwin\jdk8u\hotspot\src\share\vm\prims\jni.cpp, line 709]

Events (10 events):
Event: 3.817 Thread 0x0000000002925000 DEOPT UNPACKING pc=0x0000000002a6556a sp=0x000000000289ef98 mode 2
Event: 3.861 Thread 0x0000000002925000 Uncommon trap: trap_request=0xffffff65 fr.pc=0x0000000002d72c34
Event: 3.861 Thread 0x0000000002925000 DEOPT PACKING pc=0x0000000002d72c34 sp=0x000000000289e8a0
Event: 3.861 Thread 0x0000000002925000 DEOPT UNPACKING pc=0x0000000002a6556a sp=0x000000000289e7b8 mode 2
Event: 3.861 Thread 0x0000000002925000 Uncommon trap: trap_request=0xffffff65 fr.pc=0x0000000002d0b074
Event: 3.861 Thread 0x0000000002925000 DEOPT PACKING pc=0x0000000002d0b074 sp=0x000000000289e800
Event: 3.861 Thread 0x0000000002925000 DEOPT UNPACKING pc=0x0000000002a6556a sp=0x000000000289e7b0 mode 2
Event: 3.864 Thread 0x0000000002925000 Uncommon trap: trap_request=0xffffff65 fr.pc=0x0000000002d14d78
Event: 3.864 Thread 0x0000000002925000 DEOPT PACKING pc=0x0000000002d14d78 sp=0x000000000289e8d0
Event: 3.864 Thread 0x0000000002925000 DEOPT UNPACKING pc=0x0000000002a6556a sp=0x000000000289e858 mode 2


Dynamic libraries:
0x00007ff7f9b10000 - 0x00007ff7f9b41000 	D:\Program Files (x86)\AndroidStudio\jre\bin\java.exe
0x00007ffb7a640000 - 0x00007ffb7a81b000 	C:\Windows\SYSTEM32\ntdll.dll
0x00007ffb77ff0000 - 0x00007ffb7809e000 	C:\Windows\System32\KERNEL32.DLL
0x00007ffb77880000 - 0x00007ffb77ac9000 	C:\Windows\System32\KERNELBASE.dll
0x00007ffb782a0000 - 0x00007ffb78341000 	C:\Windows\System32\ADVAPI32.dll
0x00007ffb78e00000 - 0x00007ffb78e9d000 	C:\Windows\System32\msvcrt.dll
0x00007ffb78f60000 - 0x00007ffb78fb9000 	C:\Windows\System32\sechost.dll
0x00007ffb78570000 - 0x00007ffb78695000 	C:\Windows\System32\RPCRT4.dll
0x00007ffb78420000 - 0x00007ffb7856a000 	C:\Windows\System32\USER32.dll
0x00007ffb77ad0000 - 0x00007ffb77aee000 	C:\Windows\System32\win32u.dll
0x00007ffb78210000 - 0x00007ffb78237000 	C:\Windows\System32\GDI32.dll
0x00007ffb776f0000 - 0x00007ffb77877000 	C:\Windows\System32\gdi32full.dll
0x00007ffb77410000 - 0x00007ffb774aa000 	C:\Windows\System32\msvcp_win.dll
0x00007ffb76c10000 - 0x00007ffb76d06000 	C:\Windows\System32\ucrtbase.dll
0x00007ffb68b20000 - 0x00007ffb68d87000 	C:\Windows\WinSxS\amd64_microsoft.windows.common-controls_6595b64144ccf1df_6.0.15063.483_none_26002d27e7c744a2\COMCTL32.dll
0x00007ffb77cf0000 - 0x00007ffb77fe9000 	C:\Windows\System32\combase.dll
0x00007ffb77680000 - 0x00007ffb776ea000 	C:\Windows\System32\bcryptPrimitives.dll
0x00007ffb78120000 - 0x00007ffb7814d000 	C:\Windows\System32\IMM32.DLL
0x0000000054040000 - 0x0000000054112000 	D:\Program Files (x86)\AndroidStudio\jre\jre\bin\msvcr100.dll
0x0000000053610000 - 0x0000000053e4e000 	D:\Program Files (x86)\AndroidStudio\jre\jre\bin\server\jvm.dll
0x00007ffb783f0000 - 0x00007ffb783f8000 	C:\Windows\System32\PSAPI.DLL
0x00007ffb75150000 - 0x00007ffb75159000 	C:\Windows\SYSTEM32\WSOCK32.dll
0x00007ffb790e0000 - 0x00007ffb7914c000 	C:\Windows\System32\WS2_32.dll
0x00007ffb750d0000 - 0x00007ffb750f3000 	C:\Windows\SYSTEM32\WINMM.dll
0x00007ffb72990000 - 0x00007ffb7299a000 	C:\Windows\SYSTEM32\VERSION.dll
0x00007ffb75070000 - 0x00007ffb7509b000 	C:\Windows\SYSTEM32\WINMMBASE.dll
0x00007ffb76bc0000 - 0x00007ffb76c09000 	C:\Windows\System32\cfgmgr32.dll
0x00007ffb73c80000 - 0x00007ffb73c8f000 	D:\Program Files (x86)\AndroidStudio\jre\jre\bin\verify.dll
0x00007ffb71150000 - 0x00007ffb71179000 	D:\Program Files (x86)\AndroidStudio\jre\jre\bin\java.dll
0x00007ffb73bb0000 - 0x00007ffb73bc6000 	D:\Program Files (x86)\AndroidStudio\jre\jre\bin\zip.dll
0x00007ffb79150000 - 0x00007ffb7a587000 	C:\Windows\System32\SHELL32.dll
0x00007ffb7a590000 - 0x00007ffb7a63a000 	C:\Windows\System32\shcore.dll
0x00007ffb76d10000 - 0x00007ffb77401000 	C:\Windows\System32\windows.storage.dll
0x00007ffb78ea0000 - 0x00007ffb78ef1000 	C:\Windows\System32\shlwapi.dll
0x00007ffb76b00000 - 0x00007ffb76b11000 	C:\Windows\System32\kernel.appcore.dll
0x00007ffb76ab0000 - 0x00007ffb76afc000 	C:\Windows\System32\powrprof.dll
0x00007ffb76b20000 - 0x00007ffb76b35000 	C:\Windows\System32\profapi.dll
0x00007ffb76510000 - 0x00007ffb76527000 	C:\Windows\SYSTEM32\CRYPTSP.dll
0x00007ffb75f80000 - 0x00007ffb75fb4000 	C:\Windows\system32\rsaenh.dll
0x00007ffb76980000 - 0x00007ffb769a5000 	C:\Windows\SYSTEM32\bcrypt.dll
0x00007ffb769e0000 - 0x00007ffb76a09000 	C:\Windows\SYSTEM32\USERENV.dll
0x00007ffb76500000 - 0x00007ffb7650b000 	C:\Windows\SYSTEM32\CRYPTBASE.dll
0x00007ffb71130000 - 0x00007ffb7114a000 	D:\Program Files (x86)\AndroidStudio\jre\jre\bin\net.dll
0x00007ffb76360000 - 0x00007ffb763bc000 	C:\Windows\system32\mswsock.dll
0x00007ffb76100000 - 0x00007ffb76137000 	C:\Windows\SYSTEM32\IPHLPAPI.DLL
0x00007ffb790d0000 - 0x00007ffb790d8000 	C:\Windows\System32\NSI.dll
0x00007ffb71760000 - 0x00007ffb71776000 	C:\Windows\SYSTEM32\dhcpcsvc6.DLL
0x00007ffb71ab0000 - 0x00007ffb71aca000 	C:\Windows\SYSTEM32\dhcpcsvc.DLL
0x00007ffb71110000 - 0x00007ffb71121000 	D:\Program Files (x86)\AndroidStudio\jre\jre\bin\nio.dll

VM Arguments:
jvm_args: -Djava.awt.headless=true -Xmx64M -Dfile.encoding=GBK -Duser.country=CN -Duser.language=zh -Duser.variant 
java_command: com.google.devtools.build.android.desugar.Desugar --input D:\AndroidProjects\NLinksParkDemo\app\build\intermediates\transforms\stackFramesFixer\release\0.jar --output D:\AndroidProjects\NLinksParkDemo\app\build\intermediates\transforms\desugar\release\2.jar --input D:\AndroidProjects\NLinksParkDemo\app\build\intermediates\transforms\stackFramesFixer\release\23.jar --output D:\AndroidProjects\NLinksParkDemo\app\build\intermediates\transforms\desugar\release\25.jar --input D:\AndroidProjects\NLinksParkDemo\app\build\intermediates\transforms\stackFramesFixer\release\7.jar --output D:\AndroidProjects\NLinksParkDemo\app\build\intermediates\transforms\desugar\release\9.jar --input D:\AndroidProjects\NLinksParkDemo\app\build\intermediates\transforms\stackFramesFixer\release\10.jar --output D:\AndroidProjects\NLinksParkDemo\app\build\intermediates\transforms\desugar\release\12.jar --input D:\AndroidProjects\NLinksParkDemo\app\build\intermediates\transforms\stackFramesFixer\release\12.jar --output D:\AndroidProjects\NLinksParkDemo\app\build\intermediates\transforms\desugar\release\14.jar --input D:\AndroidProjects\NLinksParkDemo\app\build\intermediates\transforms\stackFramesFixer\release\15.jar --output D:\AndroidProjects\NLinksParkDemo\app\build\intermediates\transforms\desugar\release\17.jar --input D:\AndroidProjects\NLinksParkDemo\app\build\intermediates\transforms\stackFramesFixer\release\4.jar --output D:\AndroidProjects\NLinksParkDemo\app\build\intermediates\transforms\desugar\release\6.jar --input D:\AndroidProjects\NLinksParkDemo\app\build\intermediates\transforms\stackFramesFixer\release\20.jar --output D:\AndroidProjects\NLinksParkDemo\app\build\intermediates\transforms\desugar\release\22.jar --input D:\AndroidProjects\NLinksParkDemo\app\build\intermediates\transforms\stackFramesFixer\release\1.jar --output D:\AndroidProjects\NLinksParkDemo\app\build\intermediates\transforms\desugar\release\3.jar --input D:\AndroidProjects\NLinksParkDemo\app\build\
java_class_path (initial): C:\Users\Administrator\AppData\Local\Temp\desugar_deploy.jar93235645623575643
Launcher Type: SUN_STANDARD

Environment Variables:
JAVA_HOME=D:\JavaJDK\jdk1.8.0_131
PATH=D:\JavaJDK\jdk1.8.0_131\bin;D:\Program Files (x86)\Python36-32\Scripts\;D:\Program Files (x86)\Python36-32\;C:\ProgramData\Oracle\Java\javapath;C:\Windows\system32;C:\Windows;C:\Windows\System32\Wbem;C:\Windows\System32\WindowsPowerShell\v1.0\;D:\Program Files (x86)\Nodejs\;D:\Program Files (x86)\Git\cmd;D:\JavaJDK\jdk1.8.0_131\jre\bin;D:\AndroidSDK\tools;D:\AndroidSDK\platform-tools;D:\AndroidSDK\tools\bin;C:\Program Files\MySQL\MySQL Utilities 1.6\;C:\Users\Administrator\AppData\Local\Microsoft\WindowsApps;C:\Users\Administrator\AppData\Roaming\npm;C:\Program Files\MySQL\MySQL Server 5.7\bin;
USERNAME=Administrator
OS=Windows_NT
PROCESSOR_IDENTIFIER=Intel64 Family 6 Model 60 Stepping 3, GenuineIntel



---------------  S Y S T E M  ---------------

OS: Windows 10.0 , 64 bit Build 15063 (10.0.15063.296)

CPU:total 4 (initial active 4) (4 cores per cpu, 1 threads per core) family 6 model 60 stepping 3, cmov, cx8, fxsr, mmx, sse, sse2, sse3, ssse3, sse4.1, sse4.2, popcnt, avx, avx2, aes, clmul, erms, lzcnt, tsc, tscinvbit, bmi1, bmi2

Memory: 4k page, physical 8324252k(1441912k free), swap 11464584k(4300k free)

vm_info: OpenJDK 64-Bit Server VM (25.152-b01) for windows-amd64 JRE (1.8.0_152-release-915-b01), built by "builder" with MS VC++ 10.0 (VS2010)

time: Wed Jan 24 19:02:10 2018
elapsed time: 3 seconds (0d 0h 0m 3s)

